\BOOKMARK [1][-]{section.1}{\376\377\000B\000a\000c\000k\000g\000r\000o\000u\000n\000d}{}% 1
\BOOKMARK [1][-]{section.2}{\376\377\000A\000i\000m}{}% 2
\BOOKMARK [1][-]{section.3}{\376\377\000M\000e\000t\000h\000o\000d}{}% 3
\BOOKMARK [2][-]{subsection.3.1}{\376\377\000T\000r\000a\000i\000n\000i\000n\000g\000\040\000d\000a\000t\000a}{section.3}% 4
\BOOKMARK [2][-]{subsection.3.2}{\376\377\000S\000t\000a\000t\000i\000s\000t\000i\000c\000a\000l\000\040\000a\000n\000a\000l\000y\000s\000i\000s}{section.3}% 5
\BOOKMARK [1][-]{section.4}{\376\377\000R\000e\000s\000u\000l\000t\000s}{}% 6
\BOOKMARK [2][-]{subsection.4.1}{\376\377\000E\000x\000p\000l\000o\000r\000a\000t\000o\000r\000y\000\040\000a\000n\000a\000l\000y\000s\000i\000s}{section.4}% 7
\BOOKMARK [2][-]{subsection.4.2}{\376\377\000E\000v\000a\000l\000u\000a\000t\000i\000o\000n\000\040\000o\000f\000\040\000t\000h\000e\000\040\000e\000s\000t\000i\000m\000a\000t\000o\000r\000s\000:\000\040\0003\000\040\000v\000s\000.\000\040\0005\000-\000s\000a\000m\000p\000l\000e\000\040\000A\000U\000C\000G}{section.4}% 8
\BOOKMARK [2][-]{subsection.4.3}{\376\377\000E\000v\000a\000l\000u\000a\000t\000i\000o\000n\000\040\000o\000f\000\040\000t\000h\000e\000\040\000e\000s\000t\000i\000m\000a\000t\000o\000r\000s\000:\000\040\0003\000\040\000v\000s\000.\000\040\0005\000-\000s\000a\000m\000p\000l\000e\000\040\000A\000U\000C\000I}{section.4}% 9
\BOOKMARK [1][-]{section.5}{\376\377\000A\000p\000p\000l\000i\000c\000a\000t\000i\000o\000n\000\040\000o\000f\000\040\000t\000h\000e\000\040\0003\000-\000s\000a\000m\000p\000l\000e\000\040\000A\000U\000C}{}% 10
\BOOKMARK [2][-]{subsection.5.1}{\376\377\000R\000e\000-\000a\000n\000a\000l\000y\000s\000i\000s\000\040\000o\000f\000\040\000j\000a\000k\000o\000b\000s\000e\000n\0002\0000\0001\0006\000b\000r\000a\000i\000n}{section.5}% 11
\BOOKMARK [2][-]{subsection.5.2}{\376\377\000R\000e\000-\000a\000n\000a\000l\000y\000s\000i\000s\000\040\000o\000f\000\040\000F\000r\000o\000k\000j\000a\000e\000r\000\040\000e\000t\000\040\000a\000l\000\040\0002\0000\0001\0004}{section.5}% 12
\BOOKMARK [1][-]{section.6}{\376\377\000C\000o\000n\000c\000l\000u\000s\000i\000o\000n}{}% 13
\BOOKMARK [1][-]{section.7}{\376\377\000T\000a\000b\000l\000e\000s}{}% 14
\BOOKMARK [1][-]{section.8}{\376\377\000R\000e\000f\000e\000r\000e\000n\000c\000e\000s}{}% 15
\BOOKMARK [1][-]{appendix.A}{\376\377\000A\000p\000p\000e\000n\000d\000i\000x\000:\000\040\000E\000x\000c\000l\000u\000d\000e\000d\000\040\000s\000u\000b\000j\000e\000c\000t\000s}{}% 16
\BOOKMARK [1][-]{appendix.B}{\376\377\000A\000p\000p\000e\000n\000d\000i\000x\000:\000\040\000c\000a\000l\000c\000u\000l\000a\000t\000i\000o\000n\000\040\000o\000f\000\040\000t\000h\000e\000\040\000C\000A\000R\000\040\000u\000s\000i\000n\000g\000\040\000t\000h\000e\000\040\000t\000r\000a\000p\000e\000z\000o\000i\000d\000a\000l\000\040\000r\000u\000l\000e}{}% 17
\BOOKMARK [2][-]{subsection.B.1}{\376\377\000A\000U\000C\000g}{appendix.B}% 18
\BOOKMARK [2][-]{subsection.B.2}{\376\377\000A\000U\000C\000b}{appendix.B}% 19
\BOOKMARK [1][-]{appendix.C}{\376\377\000A\000p\000p\000e\000n\000d\000i\000x\000:\000\040\000b\000i\000a\000s\000-\000c\000o\000r\000r\000e\000c\000t\000i\000o\000n\000\040\000u\000s\000i\000n\000g\000\040\000t\000h\000e\000\040\000l\000i\000n\000e\000a\000r\000\040\000r\000e\000g\000r\000e\000s\000s\000i\000o\000n}{}% 20
\BOOKMARK [2][-]{subsection.C.1}{\376\377\000E\000x\000a\000m\000p\000l\000e}{appendix.C}% 21
\BOOKMARK [2][-]{subsection.C.2}{\376\377\000T\000h\000e\000o\000r\000y}{appendix.C}% 22
